{"/root/workspace/faun/src/event.js": {"path":"/root/workspace/faun/src/event.js","statementMap":{"0":{"start":{"line":14,"column":22},"end":{"line":14,"column":24}},"1":{"start":{"line":21,"column":2},"end":{"line":28,"column":4}},"2":{"start":{"line":22,"column":31},"end":{"line":22,"column":47}},"3":{"start":{"line":23,"column":4},"end":{"line":25,"column":5}},"4":{"start":{"line":24,"column":6},"end":{"line":24,"column":13}},"5":{"start":{"line":27,"column":4},"end":{"line":27,"column":83}},"6":{"start":{"line":27,"column":43},"end":{"line":27,"column":81}},"7":{"start":{"line":36,"column":2},"end":{"line":43,"column":4}},"8":{"start":{"line":37,"column":4},"end":{"line":39,"column":5}},"9":{"start":{"line":38,"column":6},"end":{"line":38,"column":28}},"10":{"start":{"line":41,"column":4},"end":{"line":41,"column":60}},"11":{"start":{"line":42,"column":4},"end":{"line":42,"column":20}},"12":{"start":{"line":50,"column":2},"end":{"line":56,"column":4}},"13":{"start":{"line":51,"column":4},"end":{"line":53,"column":5}},"14":{"start":{"line":52,"column":6},"end":{"line":52,"column":13}},"15":{"start":{"line":55,"column":4},"end":{"line":55,"column":96}},"16":{"start":{"line":55,"column":66},"end":{"line":55,"column":94}},"17":{"start":{"line":63,"column":2},"end":{"line":69,"column":4}},"18":{"start":{"line":64,"column":31},"end":{"line":64,"column":47}},"19":{"start":{"line":65,"column":4},"end":{"line":67,"column":5}},"20":{"start":{"line":66,"column":6},"end":{"line":66,"column":88}},"21":{"start":{"line":68,"column":4},"end":{"line":68,"column":78}}},"fnMap":{"0":{"name":"Event","decl":{"start":{"line":13,"column":9},"end":{"line":13,"column":14}},"loc":{"start":{"line":13,"column":17},"end":{"line":70,"column":1}},"line":13},"1":{"name":"(anonymous_1)","decl":{"start":{"line":21,"column":14},"end":{"line":21,"column":15}},"loc":{"start":{"line":21,"column":34},"end":{"line":28,"column":3}},"line":21},"2":{"name":"(anonymous_2)","decl":{"start":{"line":27,"column":31},"end":{"line":27,"column":32}},"loc":{"start":{"line":27,"column":43},"end":{"line":27,"column":81}},"line":27},"3":{"name":"(anonymous_3)","decl":{"start":{"line":36,"column":12},"end":{"line":36,"column":13}},"loc":{"start":{"line":36,"column":36},"end":{"line":43,"column":3}},"line":36},"4":{"name":"(anonymous_4)","decl":{"start":{"line":50,"column":13},"end":{"line":50,"column":14}},"loc":{"start":{"line":50,"column":37},"end":{"line":56,"column":3}},"line":50},"5":{"name":"(anonymous_5)","decl":{"start":{"line":55,"column":47},"end":{"line":55,"column":48}},"loc":{"start":{"line":55,"column":66},"end":{"line":55,"column":94}},"line":55},"6":{"name":"(anonymous_6)","decl":{"start":{"line":63,"column":13},"end":{"line":63,"column":14}},"loc":{"start":{"line":63,"column":37},"end":{"line":69,"column":3}},"line":63}},"branchMap":{"0":{"loc":{"start":{"line":23,"column":4},"end":{"line":25,"column":5}},"type":"if","locations":[{"start":{"line":23,"column":4},"end":{"line":25,"column":5}},{"start":{"line":23,"column":4},"end":{"line":25,"column":5}}],"line":23},"1":{"loc":{"start":{"line":27,"column":43},"end":{"line":27,"column":81}},"type":"binary-expr","locations":[{"start":{"line":27,"column":43},"end":{"line":27,"column":63}},{"start":{"line":27,"column":67},"end":{"line":27,"column":81}}],"line":27},"2":{"loc":{"start":{"line":37,"column":4},"end":{"line":39,"column":5}},"type":"if","locations":[{"start":{"line":37,"column":4},"end":{"line":39,"column":5}},{"start":{"line":37,"column":4},"end":{"line":39,"column":5}}],"line":37},"3":{"loc":{"start":{"line":41,"column":4},"end":{"line":41,"column":59}},"type":"binary-expr","locations":[{"start":{"line":41,"column":4},"end":{"line":41,"column":24}},{"start":{"line":41,"column":28},"end":{"line":41,"column":59}}],"line":41},"4":{"loc":{"start":{"line":51,"column":4},"end":{"line":53,"column":5}},"type":"if","locations":[{"start":{"line":51,"column":4},"end":{"line":53,"column":5}},{"start":{"line":51,"column":4},"end":{"line":53,"column":5}}],"line":51},"5":{"loc":{"start":{"line":51,"column":8},"end":{"line":51,"column":53}},"type":"binary-expr","locations":[{"start":{"line":51,"column":8},"end":{"line":51,"column":40}},{"start":{"line":51,"column":44},"end":{"line":51,"column":53}}],"line":51},"6":{"loc":{"start":{"line":65,"column":4},"end":{"line":67,"column":5}},"type":"if","locations":[{"start":{"line":65,"column":4},"end":{"line":67,"column":5}},{"start":{"line":65,"column":4},"end":{"line":67,"column":5}}],"line":65},"7":{"loc":{"start":{"line":66,"column":13},"end":{"line":66,"column":87}},"type":"binary-expr","locations":[{"start":{"line":66,"column":13},"end":{"line":66,"column":46}},{"start":{"line":66,"column":50},"end":{"line":66,"column":87}}],"line":66},"8":{"loc":{"start":{"line":68,"column":11},"end":{"line":68,"column":77}},"type":"binary-expr","locations":[{"start":{"line":68,"column":11},"end":{"line":68,"column":44}},{"start":{"line":68,"column":48},"end":{"line":68,"column":77}}],"line":68}},"s":{"0":2,"1":2,"2":3,"3":3,"4":3,"5":0,"6":0,"7":2,"8":2,"9":1,"10":2,"11":2,"12":2,"13":1,"14":0,"15":1,"16":2,"17":2,"18":2,"19":2,"20":2,"21":0},"f":{"0":2,"1":3,"2":0,"3":2,"4":1,"5":2,"6":2},"b":{"0":[3,0],"1":[0,0],"2":[1,1],"3":[2,2],"4":[0,1],"5":[1,1],"6":[2,0],"7":[2,2],"8":[0,0]},"_coverageSchema":"1a1c01bbd47fc00a2c39e90264f33305004495a9","hash":"16a8ac5a846a289fab6c42854da6a19b855f9cfe"}
,"/root/workspace/faun/src/fetch.js": {"path":"/root/workspace/faun/src/fetch.js","statementMap":{"0":{"start":{"line":9,"column":19},"end":{"line":9,"column":37}},"1":{"start":{"line":10,"column":2},"end":{"line":10,"column":25}}},"fnMap":{"0":{"name":"(anonymous_0)","decl":{"start":{"line":8,"column":15},"end":{"line":8,"column":16}},"loc":{"start":{"line":8,"column":35},"end":{"line":11,"column":1}},"line":8}},"branchMap":{},"s":{"0":0,"1":0},"f":{"0":0},"b":{},"_coverageSchema":"1a1c01bbd47fc00a2c39e90264f33305004495a9","hash":"39f2962ae643ba0847090e1abf7b08f81a8898f4"}
,"/root/workspace/faun/src/hooks.js": {"path":"/root/workspace/faun/src/hooks.js","statementMap":{"0":{"start":{"line":13,"column":17},"end":{"line":13,"column":79}},"1":{"start":{"line":15,"column":16},"end":{"line":15,"column":18}},"2":{"start":{"line":17,"column":2},"end":{"line":34,"column":5}},"3":{"start":{"line":21,"column":6},"end":{"line":23,"column":7}},"4":{"start":{"line":22,"column":8},"end":{"line":22,"column":89}},"5":{"start":{"line":26,"column":6},"end":{"line":28,"column":7}},"6":{"start":{"line":27,"column":8},"end":{"line":27,"column":66}},"7":{"start":{"line":30,"column":6},"end":{"line":30,"column":43}},"8":{"start":{"line":32,"column":6},"end":{"line":32,"column":18}}},"fnMap":{"0":{"name":"(anonymous_0)","decl":{"start":{"line":12,"column":15},"end":{"line":12,"column":16}},"loc":{"start":{"line":12,"column":26},"end":{"line":35,"column":1}},"line":12},"1":{"name":"(anonymous_1)","decl":{"start":{"line":19,"column":9},"end":{"line":19,"column":10}},"loc":{"start":{"line":19,"column":53},"end":{"line":33,"column":5}},"line":19}},"branchMap":{"0":{"loc":{"start":{"line":21,"column":6},"end":{"line":23,"column":7}},"type":"if","locations":[{"start":{"line":21,"column":6},"end":{"line":23,"column":7}},{"start":{"line":21,"column":6},"end":{"line":23,"column":7}}],"line":21},"1":{"loc":{"start":{"line":26,"column":6},"end":{"line":28,"column":7}},"type":"if","locations":[{"start":{"line":26,"column":6},"end":{"line":28,"column":7}},{"start":{"line":26,"column":6},"end":{"line":28,"column":7}}],"line":26}},"s":{"0":1,"1":1,"2":1,"3":7,"4":1,"5":6,"6":1,"7":5,"8":5},"f":{"0":1,"1":7},"b":{"0":[1,6],"1":[1,5]},"_coverageSchema":"1a1c01bbd47fc00a2c39e90264f33305004495a9","hash":"f003b3ca386bcf1f10f68eb2e7190aeabe8bb816"}
,"/root/workspace/faun/src/sandbox.js": {"path":"/root/workspace/faun/src/sandbox.js","statementMap":{"0":{"start":{"line":24,"column":2},"end":{"line":24,"column":24}},"1":{"start":{"line":25,"column":2},"end":{"line":25,"column":25}},"2":{"start":{"line":26,"column":2},"end":{"line":26,"column":25}},"3":{"start":{"line":27,"column":2},"end":{"line":27,"column":27}},"4":{"start":{"line":28,"column":2},"end":{"line":28,"column":25}},"5":{"start":{"line":29,"column":2},"end":{"line":29,"column":25}},"6":{"start":{"line":30,"column":2},"end":{"line":30,"column":20}},"7":{"start":{"line":31,"column":2},"end":{"line":31,"column":16}},"8":{"start":{"line":32,"column":2},"end":{"line":32,"column":28}},"9":{"start":{"line":33,"column":2},"end":{"line":33,"column":26}},"10":{"start":{"line":34,"column":2},"end":{"line":34,"column":43}},"11":{"start":{"line":35,"column":2},"end":{"line":35,"column":62}},"12":{"start":{"line":36,"column":2},"end":{"line":36,"column":29}},"13":{"start":{"line":37,"column":2},"end":{"line":37,"column":35}},"14":{"start":{"line":37,"column":31},"end":{"line":37,"column":34}},"15":{"start":{"line":38,"column":2},"end":{"line":38,"column":28}},"16":{"start":{"line":39,"column":2},"end":{"line":39,"column":24}},"17":{"start":{"line":40,"column":2},"end":{"line":40,"column":48}},"18":{"start":{"line":42,"column":2},"end":{"line":58,"column":3}},"19":{"start":{"line":43,"column":4},"end":{"line":57,"column":7}},"20":{"start":{"line":44,"column":6},"end":{"line":56,"column":9}},"21":{"start":{"line":45,"column":34},"end":{"line":45,"column":53}},"22":{"start":{"line":46,"column":8},"end":{"line":55,"column":11}},"23":{"start":{"line":47,"column":27},"end":{"line":47,"column":77}},"24":{"start":{"line":48,"column":10},"end":{"line":54,"column":11}},"25":{"start":{"line":49,"column":12},"end":{"line":49,"column":40}},"26":{"start":{"line":51,"column":12},"end":{"line":53,"column":13}},"27":{"start":{"line":52,"column":14},"end":{"line":52,"column":70}},"28":{"start":{"line":65,"column":0},"end":{"line":68,"column":2}},"29":{"start":{"line":66,"column":2},"end":{"line":66,"column":58}},"30":{"start":{"line":66,"column":35},"end":{"line":66,"column":56}},"31":{"start":{"line":67,"column":2},"end":{"line":67,"column":69}},"32":{"start":{"line":67,"column":40},"end":{"line":67,"column":67}},"33":{"start":{"line":74,"column":0},"end":{"line":86,"column":2}},"34":{"start":{"line":75,"column":2},"end":{"line":75,"column":27}},"35":{"start":{"line":77,"column":2},"end":{"line":79,"column":5}},"36":{"start":{"line":78,"column":4},"end":{"line":78,"column":45}},"37":{"start":{"line":81,"column":2},"end":{"line":85,"column":5}},"38":{"start":{"line":82,"column":4},"end":{"line":84,"column":5}},"39":{"start":{"line":83,"column":6},"end":{"line":83,"column":48}},"40":{"start":{"line":92,"column":0},"end":{"line":103,"column":2}},"41":{"start":{"line":93,"column":2},"end":{"line":93,"column":28}},"42":{"start":{"line":95,"column":2},"end":{"line":102,"column":5}},"43":{"start":{"line":96,"column":4},"end":{"line":101,"column":5}},"44":{"start":{"line":99,"column":6},"end":{"line":99,"column":48}},"45":{"start":{"line":100,"column":6},"end":{"line":100,"column":47}},"46":{"start":{"line":111,"column":0},"end":{"line":150,"column":2}},"47":{"start":{"line":112,"column":50},"end":{"line":112,"column":70}},"48":{"start":{"line":113,"column":2},"end":{"line":115,"column":3}},"49":{"start":{"line":114,"column":4},"end":{"line":114,"column":11}},"50":{"start":{"line":117,"column":2},"end":{"line":119,"column":3}},"51":{"start":{"line":118,"column":4},"end":{"line":118,"column":41}},"52":{"start":{"line":121,"column":2},"end":{"line":121,"column":35}},"53":{"start":{"line":122,"column":2},"end":{"line":122,"column":68}},"54":{"start":{"line":124,"column":2},"end":{"line":135,"column":3}},"55":{"start":{"line":125,"column":4},"end":{"line":134,"column":5}},"56":{"start":{"line":126,"column":6},"end":{"line":126,"column":35}},"57":{"start":{"line":128,"column":19},"end":{"line":128,"column":41}},"58":{"start":{"line":129,"column":6},"end":{"line":133,"column":7}},"59":{"start":{"line":132,"column":8},"end":{"line":132,"column":54}},"60":{"start":{"line":137,"column":2},"end":{"line":149,"column":3}},"61":{"start":{"line":138,"column":4},"end":{"line":148,"column":5}},"62":{"start":{"line":139,"column":6},"end":{"line":139,"column":31}},"63":{"start":{"line":141,"column":19},"end":{"line":141,"column":41}},"64":{"start":{"line":142,"column":6},"end":{"line":147,"column":7}},"65":{"start":{"line":143,"column":26},"end":{"line":143,"column":78}},"66":{"start":{"line":144,"column":36},"end":{"line":144,"column":80}},"67":{"start":{"line":145,"column":8},"end":{"line":145,"column":50}},"68":{"start":{"line":146,"column":8},"end":{"line":146,"column":53}},"69":{"start":{"line":156,"column":0},"end":{"line":208,"column":2}},"70":{"start":{"line":157,"column":16},"end":{"line":157,"column":20}},"71":{"start":{"line":158,"column":2},"end":{"line":180,"column":5}},"72":{"start":{"line":159,"column":21},"end":{"line":159,"column":77}},"73":{"start":{"line":160,"column":4},"end":{"line":178,"column":5}},"74":{"start":{"line":162,"column":18},"end":{"line":162,"column":45}},"75":{"start":{"line":163,"column":6},"end":{"line":165,"column":7}},"76":{"start":{"line":164,"column":8},"end":{"line":164,"column":63}},"77":{"start":{"line":166,"column":6},"end":{"line":166,"column":12}},"78":{"start":{"line":169,"column":19},"end":{"line":169,"column":47}},"79":{"start":{"line":170,"column":18},"end":{"line":170,"column":45}},"80":{"start":{"line":171,"column":6},"end":{"line":173,"column":7}},"81":{"start":{"line":172,"column":8},"end":{"line":172,"column":65}},"82":{"start":{"line":174,"column":6},"end":{"line":174,"column":12}},"83":{"start":{"line":177,"column":6},"end":{"line":177,"column":12}},"84":{"start":{"line":179,"column":4},"end":{"line":179,"column":19}},"85":{"start":{"line":181,"column":2},"end":{"line":185,"column":5}},"86":{"start":{"line":188,"column":2},"end":{"line":188,"column":106}},"87":{"start":{"line":189,"column":2},"end":{"line":189,"column":64}},"88":{"start":{"line":191,"column":28},"end":{"line":191,"column":70}},"89":{"start":{"line":192,"column":2},"end":{"line":194,"column":3}},"90":{"start":{"line":193,"column":4},"end":{"line":193,"column":31}},"91":{"start":{"line":195,"column":2},"end":{"line":195,"column":78}},"92":{"start":{"line":197,"column":2},"end":{"line":199,"column":3}},"93":{"start":{"line":198,"column":4},"end":{"line":198,"column":78}},"94":{"start":{"line":198,"column":42},"end":{"line":198,"column":76}},"95":{"start":{"line":201,"column":2},"end":{"line":201,"column":63}},"96":{"start":{"line":203,"column":2},"end":{"line":207,"column":5}},"97":{"start":{"line":204,"column":4},"end":{"line":206,"column":5}},"98":{"start":{"line":205,"column":6},"end":{"line":205,"column":22}},"99":{"start":{"line":214,"column":0},"end":{"line":224,"column":2}},"100":{"start":{"line":215,"column":2},"end":{"line":215,"column":33}},"101":{"start":{"line":216,"column":35},"end":{"line":216,"column":77}},"102":{"start":{"line":217,"column":2},"end":{"line":217,"column":64}},"103":{"start":{"line":218,"column":2},"end":{"line":218,"column":127}},"104":{"start":{"line":218,"column":94},"end":{"line":218,"column":114}},"105":{"start":{"line":219,"column":2},"end":{"line":219,"column":28}},"106":{"start":{"line":220,"column":2},"end":{"line":220,"column":75}},"107":{"start":{"line":221,"column":2},"end":{"line":221,"column":28}},"108":{"start":{"line":222,"column":2},"end":{"line":222,"column":54}},"109":{"start":{"line":223,"column":2},"end":{"line":223,"column":77}}},"fnMap":{"0":{"name":"Sandbox","decl":{"start":{"line":23,"column":9},"end":{"line":23,"column":16}},"loc":{"start":{"line":23,"column":41},"end":{"line":59,"column":1}},"line":23},"1":{"name":"(anonymous_1)","decl":{"start":{"line":37,"column":24},"end":{"line":37,"column":25}},"loc":{"start":{"line":37,"column":31},"end":{"line":37,"column":34}},"line":37},"2":{"name":"(anonymous_2)","decl":{"start":{"line":43,"column":52},"end":{"line":43,"column":53}},"loc":{"start":{"line":43,"column":65},"end":{"line":57,"column":5}},"line":43},"3":{"name":"(anonymous_3)","decl":{"start":{"line":44,"column":24},"end":{"line":44,"column":25}},"loc":{"start":{"line":44,"column":36},"end":{"line":56,"column":7}},"line":44},"4":{"name":"(anonymous_4)","decl":{"start":{"line":46,"column":34},"end":{"line":46,"column":35}},"loc":{"start":{"line":46,"column":42},"end":{"line":55,"column":9}},"line":46},"5":{"name":"(anonymous_5)","decl":{"start":{"line":65,"column":39},"end":{"line":65,"column":40}},"loc":{"start":{"line":65,"column":50},"end":{"line":68,"column":1}},"line":65},"6":{"name":"(anonymous_6)","decl":{"start":{"line":66,"column":27},"end":{"line":66,"column":28}},"loc":{"start":{"line":66,"column":35},"end":{"line":66,"column":56}},"line":66},"7":{"name":"(anonymous_7)","decl":{"start":{"line":67,"column":29},"end":{"line":67,"column":30}},"loc":{"start":{"line":67,"column":40},"end":{"line":67,"column":67}},"line":67},"8":{"name":"(anonymous_8)","decl":{"start":{"line":74,"column":39},"end":{"line":74,"column":40}},"loc":{"start":{"line":74,"column":50},"end":{"line":86,"column":1}},"line":74},"9":{"name":"(anonymous_9)","decl":{"start":{"line":77,"column":24},"end":{"line":77,"column":25}},"loc":{"start":{"line":77,"column":32},"end":{"line":79,"column":3}},"line":77},"10":{"name":"(anonymous_10)","decl":{"start":{"line":81,"column":44},"end":{"line":81,"column":45}},"loc":{"start":{"line":81,"column":52},"end":{"line":85,"column":3}},"line":81},"11":{"name":"(anonymous_11)","decl":{"start":{"line":92,"column":42},"end":{"line":92,"column":43}},"loc":{"start":{"line":92,"column":53},"end":{"line":103,"column":1}},"line":92},"12":{"name":"(anonymous_12)","decl":{"start":{"line":95,"column":24},"end":{"line":95,"column":25}},"loc":{"start":{"line":95,"column":32},"end":{"line":102,"column":3}},"line":95},"13":{"name":"(anonymous_13)","decl":{"start":{"line":111,"column":27},"end":{"line":111,"column":28}},"loc":{"start":{"line":111,"column":64},"end":{"line":150,"column":1}},"line":111},"14":{"name":"(anonymous_14)","decl":{"start":{"line":156,"column":26},"end":{"line":156,"column":27}},"loc":{"start":{"line":156,"column":37},"end":{"line":208,"column":1}},"line":156},"15":{"name":"(anonymous_15)","decl":{"start":{"line":158,"column":36},"end":{"line":158,"column":37}},"loc":{"start":{"line":158,"column":54},"end":{"line":180,"column":3}},"line":158},"16":{"name":"(anonymous_16)","decl":{"start":{"line":198,"column":31},"end":{"line":198,"column":32}},"loc":{"start":{"line":198,"column":42},"end":{"line":198,"column":76}},"line":198},"17":{"name":"(anonymous_17)","decl":{"start":{"line":203,"column":55},"end":{"line":203,"column":56}},"loc":{"start":{"line":203,"column":67},"end":{"line":207,"column":3}},"line":203},"18":{"name":"(anonymous_18)","decl":{"start":{"line":214,"column":28},"end":{"line":214,"column":29}},"loc":{"start":{"line":214,"column":39},"end":{"line":224,"column":1}},"line":214},"19":{"name":"(anonymous_19)","decl":{"start":{"line":218,"column":86},"end":{"line":218,"column":87}},"loc":{"start":{"line":218,"column":94},"end":{"line":218,"column":114}},"line":218}},"branchMap":{"0":{"loc":{"start":{"line":23,"column":23},"end":{"line":23,"column":39}},"type":"default-arg","locations":[{"start":{"line":23,"column":35},"end":{"line":23,"column":39}}],"line":23},"1":{"loc":{"start":{"line":28,"column":14},"end":{"line":28,"column":24}},"type":"binary-expr","locations":[{"start":{"line":28,"column":14},"end":{"line":28,"column":18}},{"start":{"line":28,"column":22},"end":{"line":28,"column":24}}],"line":28},"2":{"loc":{"start":{"line":42,"column":2},"end":{"line":58,"column":3}},"type":"if","locations":[{"start":{"line":42,"column":2},"end":{"line":58,"column":3}},{"start":{"line":42,"column":2},"end":{"line":58,"column":3}}],"line":42},"3":{"loc":{"start":{"line":47,"column":27},"end":{"line":47,"column":77}},"type":"binary-expr","locations":[{"start":{"line":47,"column":27},"end":{"line":47,"column":40}},{"start":{"line":47,"column":44},"end":{"line":47,"column":71}},{"start":{"line":47,"column":75},"end":{"line":47,"column":77}}],"line":47},"4":{"loc":{"start":{"line":48,"column":10},"end":{"line":54,"column":11}},"type":"if","locations":[{"start":{"line":48,"column":10},"end":{"line":54,"column":11}},{"start":{"line":48,"column":10},"end":{"line":54,"column":11}}],"line":48},"5":{"loc":{"start":{"line":48,"column":14},"end":{"line":48,"column":62}},"type":"binary-expr","locations":[{"start":{"line":48,"column":14},"end":{"line":48,"column":18}},{"start":{"line":48,"column":22},"end":{"line":48,"column":62}}],"line":48},"6":{"loc":{"start":{"line":51,"column":12},"end":{"line":53,"column":13}},"type":"if","locations":[{"start":{"line":51,"column":12},"end":{"line":53,"column":13}},{"start":{"line":51,"column":12},"end":{"line":53,"column":13}}],"line":51},"7":{"loc":{"start":{"line":51,"column":16},"end":{"line":51,"column":54}},"type":"binary-expr","locations":[{"start":{"line":51,"column":16},"end":{"line":51,"column":36}},{"start":{"line":51,"column":40},"end":{"line":51,"column":54}}],"line":51},"8":{"loc":{"start":{"line":66,"column":35},"end":{"line":66,"column":56}},"type":"binary-expr","locations":[{"start":{"line":66,"column":35},"end":{"line":66,"column":39}},{"start":{"line":66,"column":43},"end":{"line":66,"column":56}}],"line":66},"9":{"loc":{"start":{"line":67,"column":40},"end":{"line":67,"column":67}},"type":"binary-expr","locations":[{"start":{"line":67,"column":40},"end":{"line":67,"column":47}},{"start":{"line":67,"column":51},"end":{"line":67,"column":67}}],"line":67},"10":{"loc":{"start":{"line":82,"column":4},"end":{"line":84,"column":5}},"type":"if","locations":[{"start":{"line":82,"column":4},"end":{"line":84,"column":5}},{"start":{"line":82,"column":4},"end":{"line":84,"column":5}}],"line":82},"11":{"loc":{"start":{"line":96,"column":4},"end":{"line":101,"column":5}},"type":"if","locations":[{"start":{"line":96,"column":4},"end":{"line":101,"column":5}},{"start":{"line":96,"column":4},"end":{"line":101,"column":5}}],"line":96},"12":{"loc":{"start":{"line":97,"column":6},"end":{"line":98,"column":63}},"type":"binary-expr","locations":[{"start":{"line":97,"column":6},"end":{"line":97,"column":48}},{"start":{"line":98,"column":9},"end":{"line":98,"column":63}}],"line":97},"13":{"loc":{"start":{"line":112,"column":24},"end":{"line":112,"column":45}},"type":"default-arg","locations":[{"start":{"line":112,"column":41},"end":{"line":112,"column":45}}],"line":112},"14":{"loc":{"start":{"line":113,"column":2},"end":{"line":115,"column":3}},"type":"if","locations":[{"start":{"line":113,"column":2},"end":{"line":115,"column":3}},{"start":{"line":113,"column":2},"end":{"line":115,"column":3}}],"line":113},"15":{"loc":{"start":{"line":113,"column":6},"end":{"line":113,"column":80}},"type":"binary-expr","locations":[{"start":{"line":113,"column":6},"end":{"line":113,"column":27}},{"start":{"line":113,"column":31},"end":{"line":113,"column":44}},{"start":{"line":113,"column":48},"end":{"line":113,"column":80}}],"line":113},"16":{"loc":{"start":{"line":117,"column":2},"end":{"line":119,"column":3}},"type":"if","locations":[{"start":{"line":117,"column":2},"end":{"line":119,"column":3}},{"start":{"line":117,"column":2},"end":{"line":119,"column":3}}],"line":117},"17":{"loc":{"start":{"line":117,"column":6},"end":{"line":117,"column":60}},"type":"binary-expr","locations":[{"start":{"line":117,"column":6},"end":{"line":117,"column":20}},{"start":{"line":117,"column":24},"end":{"line":117,"column":60}}],"line":117},"18":{"loc":{"start":{"line":124,"column":2},"end":{"line":135,"column":3}},"type":"if","locations":[{"start":{"line":124,"column":2},"end":{"line":135,"column":3}},{"start":{"line":124,"column":2},"end":{"line":135,"column":3}}],"line":124},"19":{"loc":{"start":{"line":124,"column":6},"end":{"line":124,"column":73}},"type":"binary-expr","locations":[{"start":{"line":124,"column":6},"end":{"line":124,"column":34}},{"start":{"line":124,"column":38},"end":{"line":124,"column":73}}],"line":124},"20":{"loc":{"start":{"line":129,"column":6},"end":{"line":133,"column":7}},"type":"if","locations":[{"start":{"line":129,"column":6},"end":{"line":133,"column":7}},{"start":{"line":129,"column":6},"end":{"line":133,"column":7}}],"line":129},"21":{"loc":{"start":{"line":137,"column":2},"end":{"line":149,"column":3}},"type":"if","locations":[{"start":{"line":137,"column":2},"end":{"line":149,"column":3}},{"start":{"line":137,"column":2},"end":{"line":149,"column":3}}],"line":137},"22":{"loc":{"start":{"line":137,"column":6},"end":{"line":137,"column":71}},"type":"binary-expr","locations":[{"start":{"line":137,"column":6},"end":{"line":137,"column":33}},{"start":{"line":137,"column":37},"end":{"line":137,"column":71}}],"line":137},"23":{"loc":{"start":{"line":142,"column":6},"end":{"line":147,"column":7}},"type":"if","locations":[{"start":{"line":142,"column":6},"end":{"line":147,"column":7}},{"start":{"line":142,"column":6},"end":{"line":147,"column":7}}],"line":142},"24":{"loc":{"start":{"line":143,"column":26},"end":{"line":143,"column":78}},"type":"cond-expr","locations":[{"start":{"line":143,"column":43},"end":{"line":143,"column":71}},{"start":{"line":143,"column":74},"end":{"line":143,"column":78}}],"line":143},"25":{"loc":{"start":{"line":159,"column":21},"end":{"line":159,"column":77}},"type":"binary-expr","locations":[{"start":{"line":159,"column":21},"end":{"line":159,"column":37}},{"start":{"line":159,"column":41},"end":{"line":159,"column":71}},{"start":{"line":159,"column":75},"end":{"line":159,"column":77}}],"line":159},"26":{"loc":{"start":{"line":160,"column":4},"end":{"line":178,"column":5}},"type":"switch","locations":[{"start":{"line":161,"column":4},"end":{"line":167,"column":5}},{"start":{"line":168,"column":4},"end":{"line":175,"column":5}},{"start":{"line":176,"column":4},"end":{"line":177,"column":12}}],"line":160},"27":{"loc":{"start":{"line":163,"column":6},"end":{"line":165,"column":7}},"type":"if","locations":[{"start":{"line":163,"column":6},"end":{"line":165,"column":7}},{"start":{"line":163,"column":6},"end":{"line":165,"column":7}}],"line":163},"28":{"loc":{"start":{"line":171,"column":6},"end":{"line":173,"column":7}},"type":"if","locations":[{"start":{"line":171,"column":6},"end":{"line":173,"column":7}},{"start":{"line":171,"column":6},"end":{"line":173,"column":7}}],"line":171},"29":{"loc":{"start":{"line":171,"column":10},"end":{"line":171,"column":38}},"type":"binary-expr","locations":[{"start":{"line":171,"column":10},"end":{"line":171,"column":14}},{"start":{"line":171,"column":18},"end":{"line":171,"column":38}}],"line":171},"30":{"loc":{"start":{"line":181,"column":2},"end":{"line":185,"column":4}},"type":"binary-expr","locations":[{"start":{"line":181,"column":2},"end":{"line":181,"column":16}},{"start":{"line":181,"column":20},"end":{"line":185,"column":4}}],"line":181},"31":{"loc":{"start":{"line":188,"column":2},"end":{"line":188,"column":105}},"type":"binary-expr","locations":[{"start":{"line":188,"column":2},"end":{"line":188,"column":16}},{"start":{"line":188,"column":21},"end":{"line":188,"column":104}}],"line":188},"32":{"loc":{"start":{"line":192,"column":2},"end":{"line":194,"column":3}},"type":"if","locations":[{"start":{"line":192,"column":2},"end":{"line":194,"column":3}},{"start":{"line":192,"column":2},"end":{"line":194,"column":3}}],"line":192},"33":{"loc":{"start":{"line":197,"column":2},"end":{"line":199,"column":3}},"type":"if","locations":[{"start":{"line":197,"column":2},"end":{"line":199,"column":3}},{"start":{"line":197,"column":2},"end":{"line":199,"column":3}}],"line":197},"34":{"loc":{"start":{"line":197,"column":6},"end":{"line":197,"column":61}},"type":"binary-expr","locations":[{"start":{"line":197,"column":6},"end":{"line":197,"column":24}},{"start":{"line":197,"column":28},"end":{"line":197,"column":61}}],"line":197},"35":{"loc":{"start":{"line":201,"column":2},"end":{"line":201,"column":62}},"type":"binary-expr","locations":[{"start":{"line":201,"column":2},"end":{"line":201,"column":30}},{"start":{"line":201,"column":34},"end":{"line":201,"column":62}}],"line":201},"36":{"loc":{"start":{"line":203,"column":2},"end":{"line":207,"column":4}},"type":"binary-expr","locations":[{"start":{"line":203,"column":2},"end":{"line":203,"column":22}},{"start":{"line":203,"column":26},"end":{"line":207,"column":4}}],"line":203},"37":{"loc":{"start":{"line":204,"column":4},"end":{"line":206,"column":5}},"type":"if","locations":[{"start":{"line":204,"column":4},"end":{"line":206,"column":5}},{"start":{"line":204,"column":4},"end":{"line":206,"column":5}}],"line":204},"38":{"loc":{"start":{"line":217,"column":2},"end":{"line":217,"column":63}},"type":"binary-expr","locations":[{"start":{"line":217,"column":2},"end":{"line":217,"column":26}},{"start":{"line":217,"column":30},"end":{"line":217,"column":63}}],"line":217},"39":{"loc":{"start":{"line":218,"column":2},"end":{"line":218,"column":126}},"type":"binary-expr","locations":[{"start":{"line":218,"column":2},"end":{"line":218,"column":16}},{"start":{"line":218,"column":21},"end":{"line":218,"column":125}}],"line":218},"40":{"loc":{"start":{"line":220,"column":2},"end":{"line":220,"column":74}},"type":"binary-expr","locations":[{"start":{"line":220,"column":2},"end":{"line":220,"column":35}},{"start":{"line":220,"column":39},"end":{"line":220,"column":74}}],"line":220},"41":{"loc":{"start":{"line":223,"column":2},"end":{"line":223,"column":76}},"type":"binary-expr","locations":[{"start":{"line":223,"column":2},"end":{"line":223,"column":16}},{"start":{"line":223,"column":20},"end":{"line":223,"column":45}},{"start":{"line":223,"column":49},"end":{"line":223,"column":76}}],"line":223}},"s":{"0":3,"1":3,"2":3,"3":3,"4":3,"5":3,"6":3,"7":3,"8":3,"9":3,"10":3,"11":3,"12":3,"13":3,"14":0,"15":3,"16":3,"17":3,"18":3,"19":3,"20":0,"21":0,"22":0,"23":0,"24":0,"25":0,"26":0,"27":0,"28":1,"29":0,"30":0,"31":0,"32":0,"33":1,"34":0,"35":0,"36":0,"37":0,"38":0,"39":0,"40":1,"41":0,"42":0,"43":0,"44":0,"45":0,"46":1,"47":0,"48":0,"49":0,"50":0,"51":0,"52":0,"53":0,"54":0,"55":0,"56":0,"57":0,"58":0,"59":0,"60":0,"61":0,"62":0,"63":0,"64":0,"65":0,"66":0,"67":0,"68":0,"69":1,"70":0,"71":0,"72":0,"73":0,"74":0,"75":0,"76":0,"77":0,"78":0,"79":0,"80":0,"81":0,"82":0,"83":0,"84":0,"85":0,"86":0,"87":0,"88":0,"89":0,"90":0,"91":0,"92":0,"93":0,"94":0,"95":0,"96":0,"97":0,"98":0,"99":1,"100":0,"101":0,"102":0,"103":0,"104":0,"105":0,"106":0,"107":0,"108":0,"109":0},"f":{"0":3,"1":0,"2":0,"3":0,"4":0,"5":0,"6":0,"7":0,"8":0,"9":0,"10":0,"11":0,"12":0,"13":0,"14":0,"15":0,"16":0,"17":0,"18":0,"19":0},"b":{"0":[3],"1":[3,0],"2":[3,0],"3":[0,0,0],"4":[0,0],"5":[0,0],"6":[0,0],"7":[0,0],"8":[0,0],"9":[0,0],"10":[0,0],"11":[0,0],"12":[0,0],"13":[0],"14":[0,0],"15":[0,0,0],"16":[0,0],"17":[0,0],"18":[0,0],"19":[0,0],"20":[0,0],"21":[0,0],"22":[0,0],"23":[0,0],"24":[0,0],"25":[0,0,0],"26":[0,0,0],"27":[0,0],"28":[0,0],"29":[0,0],"30":[0,0],"31":[0,0],"32":[0,0],"33":[0,0],"34":[0,0],"35":[0,0],"36":[0,0],"37":[0,0],"38":[0,0],"39":[0,0],"40":[0,0],"41":[0,0,0]},"_coverageSchema":"1a1c01bbd47fc00a2c39e90264f33305004495a9","hash":"7be98750933c9e3a2e649deceb747fdd398db2c6"}
,"/root/workspace/faun/src/store.js": {"path":"/root/workspace/faun/src/store.js","statementMap":{"0":{"start":{"line":15,"column":16},"end":{"line":15,"column":18}},"1":{"start":{"line":16,"column":21},"end":{"line":16,"column":32}},"2":{"start":{"line":23,"column":2},"end":{"line":46,"column":4}},"3":{"start":{"line":24,"column":4},"end":{"line":26,"column":5}},"4":{"start":{"line":25,"column":6},"end":{"line":25,"column":79}},"5":{"start":{"line":28,"column":4},"end":{"line":45,"column":5}},"6":{"start":{"line":29,"column":6},"end":{"line":38,"column":9}},"7":{"start":{"line":30,"column":29},"end":{"line":30,"column":35}},"8":{"start":{"line":32,"column":8},"end":{"line":34,"column":9}},"9":{"start":{"line":33,"column":10},"end":{"line":33,"column":67}},"10":{"start":{"line":36,"column":8},"end":{"line":36,"column":52}},"11":{"start":{"line":37,"column":8},"end":{"line":37,"column":41}},"12":{"start":{"line":39,"column":11},"end":{"line":45,"column":5}},"13":{"start":{"line":40,"column":6},"end":{"line":42,"column":7}},"14":{"start":{"line":41,"column":8},"end":{"line":41,"column":65}},"15":{"start":{"line":43,"column":6},"end":{"line":43,"column":45}},"16":{"start":{"line":44,"column":6},"end":{"line":44,"column":34}},"17":{"start":{"line":52,"column":2},"end":{"line":54,"column":4}},"18":{"start":{"line":53,"column":4},"end":{"line":53,"column":35}},"19":{"start":{"line":63,"column":2},"end":{"line":63,"column":26}}},"fnMap":{"0":{"name":"Store","decl":{"start":{"line":14,"column":9},"end":{"line":14,"column":14}},"loc":{"start":{"line":14,"column":17},"end":{"line":64,"column":1}},"line":14},"1":{"name":"(anonymous_1)","decl":{"start":{"line":23,"column":13},"end":{"line":23,"column":14}},"loc":{"start":{"line":23,"column":34},"end":{"line":46,"column":3}},"line":23},"2":{"name":"(anonymous_2)","decl":{"start":{"line":29,"column":31},"end":{"line":29,"column":32}},"loc":{"start":{"line":29,"column":36},"end":{"line":38,"column":7}},"line":29},"3":{"name":"(anonymous_3)","decl":{"start":{"line":52,"column":13},"end":{"line":52,"column":14}},"loc":{"start":{"line":52,"column":27},"end":{"line":54,"column":3}},"line":52}},"branchMap":{"0":{"loc":{"start":{"line":24,"column":4},"end":{"line":26,"column":5}},"type":"if","locations":[{"start":{"line":24,"column":4},"end":{"line":26,"column":5}},{"start":{"line":24,"column":4},"end":{"line":26,"column":5}}],"line":24},"1":{"loc":{"start":{"line":24,"column":8},"end":{"line":24,"column":58}},"type":"binary-expr","locations":[{"start":{"line":24,"column":8},"end":{"line":24,"column":31}},{"start":{"line":24,"column":35},"end":{"line":24,"column":58}}],"line":24},"2":{"loc":{"start":{"line":28,"column":4},"end":{"line":45,"column":5}},"type":"if","locations":[{"start":{"line":28,"column":4},"end":{"line":45,"column":5}},{"start":{"line":28,"column":4},"end":{"line":45,"column":5}}],"line":28},"3":{"loc":{"start":{"line":32,"column":8},"end":{"line":34,"column":9}},"type":"if","locations":[{"start":{"line":32,"column":8},"end":{"line":34,"column":9}},{"start":{"line":32,"column":8},"end":{"line":34,"column":9}}],"line":32},"4":{"loc":{"start":{"line":39,"column":11},"end":{"line":45,"column":5}},"type":"if","locations":[{"start":{"line":39,"column":11},"end":{"line":45,"column":5}},{"start":{"line":39,"column":11},"end":{"line":45,"column":5}}],"line":39},"5":{"loc":{"start":{"line":40,"column":6},"end":{"line":42,"column":7}},"type":"if","locations":[{"start":{"line":40,"column":6},"end":{"line":42,"column":7}},{"start":{"line":40,"column":6},"end":{"line":42,"column":7}}],"line":40},"6":{"loc":{"start":{"line":53,"column":11},"end":{"line":53,"column":34}},"type":"binary-expr","locations":[{"start":{"line":53,"column":11},"end":{"line":53,"column":21}},{"start":{"line":53,"column":25},"end":{"line":53,"column":34}}],"line":53}},"s":{"0":1,"1":1,"2":1,"3":2,"4":0,"5":2,"6":1,"7":2,"8":2,"9":0,"10":2,"11":2,"12":1,"13":1,"14":0,"15":1,"16":1,"17":1,"18":3,"19":1},"f":{"0":1,"1":2,"2":2,"3":3},"b":{"0":[0,2],"1":[2,1],"2":[1,1],"3":[0,2],"4":[1,0],"5":[0,1],"6":[3,0]},"_coverageSchema":"1a1c01bbd47fc00a2c39e90264f33305004495a9","hash":"57586990c9ba0cb73f5c67a78cf97f933b27faf4"}
,"/root/workspace/faun/src/overwrites/child-operate.js": {"path":"/root/workspace/faun/src/overwrites/child-operate.js","statementMap":{"0":{"start":{"line":11,"column":2},"end":{"line":11,"column":60}},"1":{"start":{"line":20,"column":19},"end":{"line":20,"column":39}},"2":{"start":{"line":21,"column":2},"end":{"line":27,"column":3}},"3":{"start":{"line":22,"column":19},"end":{"line":22,"column":85}},"4":{"start":{"line":23,"column":4},"end":{"line":25,"column":5}},"5":{"start":{"line":24,"column":6},"end":{"line":24,"column":20}},"6":{"start":{"line":26,"column":4},"end":{"line":26,"column":19}},"7":{"start":{"line":28,"column":2},"end":{"line":28,"column":17}},"8":{"start":{"line":37,"column":15},"end":{"line":37,"column":37}},"9":{"start":{"line":38,"column":18},"end":{"line":43,"column":4}},"10":{"start":{"line":39,"column":4},"end":{"line":41,"column":5}},"11":{"start":{"line":40,"column":6},"end":{"line":40,"column":46}},"12":{"start":{"line":42,"column":4},"end":{"line":42,"column":15}},"13":{"start":{"line":44,"column":2},"end":{"line":44,"column":17}},"14":{"start":{"line":48,"column":22},"end":{"line":48,"column":51}},"15":{"start":{"line":49,"column":23},"end":{"line":49,"column":53}},"16":{"start":{"line":50,"column":17},"end":{"line":50,"column":41}},"17":{"start":{"line":51,"column":18},"end":{"line":51,"column":43}},"18":{"start":{"line":54,"column":4},"end":{"line":56,"column":6}},"19":{"start":{"line":55,"column":6},"end":{"line":55,"column":73}},"20":{"start":{"line":60,"column":4},"end":{"line":62,"column":6}},"21":{"start":{"line":61,"column":6},"end":{"line":61,"column":85}},"22":{"start":{"line":66,"column":4},"end":{"line":68,"column":5}},"23":{"start":{"line":67,"column":6},"end":{"line":67,"column":13}},"24":{"start":{"line":70,"column":4},"end":{"line":73,"column":6}},"25":{"start":{"line":71,"column":22},"end":{"line":71,"column":60}},"26":{"start":{"line":72,"column":6},"end":{"line":72,"column":43}},"27":{"start":{"line":77,"column":4},"end":{"line":79,"column":5}},"28":{"start":{"line":78,"column":6},"end":{"line":78,"column":13}},"29":{"start":{"line":81,"column":4},"end":{"line":84,"column":6}},"30":{"start":{"line":82,"column":22},"end":{"line":82,"column":60}},"31":{"start":{"line":83,"column":6},"end":{"line":83,"column":44}},"32":{"start":{"line":87,"column":2},"end":{"line":105,"column":4}},"33":{"start":{"line":93,"column":6},"end":{"line":93,"column":37}},"34":{"start":{"line":94,"column":6},"end":{"line":94,"column":38}},"35":{"start":{"line":95,"column":6},"end":{"line":95,"column":32}},"36":{"start":{"line":96,"column":6},"end":{"line":96,"column":33}},"37":{"start":{"line":100,"column":6},"end":{"line":100,"column":50}},"38":{"start":{"line":101,"column":6},"end":{"line":101,"column":52}},"39":{"start":{"line":102,"column":6},"end":{"line":102,"column":40}},"40":{"start":{"line":103,"column":6},"end":{"line":103,"column":42}}},"fnMap":{"0":{"name":"getNodeName","decl":{"start":{"line":10,"column":9},"end":{"line":10,"column":20}},"loc":{"start":{"line":10,"column":27},"end":{"line":12,"column":1}},"line":10},"1":{"name":"getResultElement","decl":{"start":{"line":19,"column":9},"end":{"line":19,"column":25}},"loc":{"start":{"line":19,"column":46},"end":{"line":29,"column":1}},"line":19},"2":{"name":"mapHTMLCollection","decl":{"start":{"line":36,"column":9},"end":{"line":36,"column":26}},"loc":{"start":{"line":36,"column":50},"end":{"line":45,"column":1}},"line":36},"3":{"name":"(anonymous_3)","decl":{"start":{"line":38,"column":27},"end":{"line":38,"column":28}},"loc":{"start":{"line":38,"column":34},"end":{"line":43,"column":3}},"line":38},"4":{"name":"(anonymous_4)","decl":{"start":{"line":47,"column":15},"end":{"line":47,"column":16}},"loc":{"start":{"line":47,"column":26},"end":{"line":106,"column":1}},"line":47},"5":{"name":"overwriteAppendChild","decl":{"start":{"line":53,"column":11},"end":{"line":53,"column":31}},"loc":{"start":{"line":53,"column":42},"end":{"line":57,"column":3}},"line":53},"6":{"name":"(anonymous_6)","decl":{"start":{"line":54,"column":36},"end":{"line":54,"column":37}},"loc":{"start":{"line":54,"column":54},"end":{"line":56,"column":5}},"line":54},"7":{"name":"overwriteInsertBefore","decl":{"start":{"line":59,"column":11},"end":{"line":59,"column":32}},"loc":{"start":{"line":59,"column":43},"end":{"line":63,"column":3}},"line":59},"8":{"name":"(anonymous_8)","decl":{"start":{"line":60,"column":37},"end":{"line":60,"column":38}},"loc":{"start":{"line":60,"column":66},"end":{"line":62,"column":5}},"line":60},"9":{"name":"overwriteAppend","decl":{"start":{"line":65,"column":11},"end":{"line":65,"column":26}},"loc":{"start":{"line":65,"column":37},"end":{"line":74,"column":3}},"line":65},"10":{"name":"(anonymous_10)","decl":{"start":{"line":70,"column":31},"end":{"line":70,"column":32}},"loc":{"start":{"line":70,"column":42},"end":{"line":73,"column":5}},"line":70},"11":{"name":"overwritePrepend","decl":{"start":{"line":76,"column":11},"end":{"line":76,"column":27}},"loc":{"start":{"line":76,"column":38},"end":{"line":85,"column":3}},"line":76},"12":{"name":"(anonymous_12)","decl":{"start":{"line":81,"column":32},"end":{"line":81,"column":33}},"loc":{"start":{"line":81,"column":43},"end":{"line":84,"column":5}},"line":81},"13":{"name":"(anonymous_13)","decl":{"start":{"line":92,"column":4},"end":{"line":92,"column":5}},"loc":{"start":{"line":92,"column":24},"end":{"line":97,"column":5}},"line":92},"14":{"name":"(anonymous_14)","decl":{"start":{"line":99,"column":4},"end":{"line":99,"column":5}},"loc":{"start":{"line":99,"column":11},"end":{"line":104,"column":5}},"line":99}},"branchMap":{"0":{"loc":{"start":{"line":11,"column":9},"end":{"line":11,"column":59}},"type":"binary-expr","locations":[{"start":{"line":11,"column":9},"end":{"line":11,"column":22}},{"start":{"line":11,"column":26},"end":{"line":11,"column":53}},{"start":{"line":11,"column":57},"end":{"line":11,"column":59}}],"line":11},"1":{"loc":{"start":{"line":21,"column":2},"end":{"line":27,"column":3}},"type":"if","locations":[{"start":{"line":21,"column":2},"end":{"line":27,"column":3}},{"start":{"line":21,"column":2},"end":{"line":27,"column":3}}],"line":21},"2":{"loc":{"start":{"line":22,"column":19},"end":{"line":22,"column":85}},"type":"binary-expr","locations":[{"start":{"line":22,"column":19},"end":{"line":22,"column":28}},{"start":{"line":22,"column":32},"end":{"line":22,"column":63}},{"start":{"line":22,"column":67},"end":{"line":22,"column":85}}],"line":22},"3":{"loc":{"start":{"line":23,"column":4},"end":{"line":25,"column":5}},"type":"if","locations":[{"start":{"line":23,"column":4},"end":{"line":25,"column":5}},{"start":{"line":23,"column":4},"end":{"line":25,"column":5}}],"line":23},"4":{"loc":{"start":{"line":39,"column":4},"end":{"line":41,"column":5}},"type":"if","locations":[{"start":{"line":39,"column":4},"end":{"line":41,"column":5}},{"start":{"line":39,"column":4},"end":{"line":41,"column":5}}],"line":39},"5":{"loc":{"start":{"line":66,"column":4},"end":{"line":68,"column":5}},"type":"if","locations":[{"start":{"line":66,"column":4},"end":{"line":68,"column":5}},{"start":{"line":66,"column":4},"end":{"line":68,"column":5}}],"line":66},"6":{"loc":{"start":{"line":77,"column":4},"end":{"line":79,"column":5}},"type":"if","locations":[{"start":{"line":77,"column":4},"end":{"line":79,"column":5}},{"start":{"line":77,"column":4},"end":{"line":79,"column":5}}],"line":77}},"s":{"0":0,"1":0,"2":0,"3":0,"4":0,"5":0,"6":0,"7":0,"8":0,"9":0,"10":0,"11":0,"12":0,"13":0,"14":3,"15":3,"16":3,"17":3,"18":0,"19":0,"20":0,"21":0,"22":0,"23":0,"24":0,"25":0,"26":0,"27":0,"28":0,"29":0,"30":0,"31":0,"32":3,"33":0,"34":0,"35":0,"36":0,"37":0,"38":0,"39":0,"40":0},"f":{"0":0,"1":0,"2":0,"3":0,"4":3,"5":0,"6":0,"7":0,"8":0,"9":0,"10":0,"11":0,"12":0,"13":0,"14":0},"b":{"0":[0,0,0],"1":[0,0],"2":[0,0,0],"3":[0,0],"4":[0,0],"5":[0,0],"6":[0,0]},"_coverageSchema":"1a1c01bbd47fc00a2c39e90264f33305004495a9","hash":"208b3e599dbed7148475ee238bd1f9850beede23"}
,"/root/workspace/faun/src/overwrites/window-listeners.js": {"path":"/root/workspace/faun/src/overwrites/window-listeners.js","statementMap":{"0":{"start":{"line":9,"column":33},"end":{"line":9,"column":56}},"1":{"start":{"line":10,"column":36},"end":{"line":10,"column":62}},"2":{"start":{"line":17,"column":22},"end":{"line":17,"column":31}},"3":{"start":{"line":19,"column":2},"end":{"line":23,"column":4}},"4":{"start":{"line":20,"column":22},"end":{"line":20,"column":49}},"5":{"start":{"line":21,"column":4},"end":{"line":21,"column":52}},"6":{"start":{"line":22,"column":4},"end":{"line":22,"column":74}},"7":{"start":{"line":25,"column":2},"end":{"line":31,"column":4}},"8":{"start":{"line":26,"column":32},"end":{"line":26,"column":53}},"9":{"start":{"line":27,"column":4},"end":{"line":29,"column":5}},"10":{"start":{"line":28,"column":6},"end":{"line":28,"column":75}},"11":{"start":{"line":30,"column":4},"end":{"line":30,"column":77}},"12":{"start":{"line":36,"column":2},"end":{"line":44,"column":4}},"13":{"start":{"line":37,"column":4},"end":{"line":39,"column":6}},"14":{"start":{"line":38,"column":6},"end":{"line":38,"column":84}},"15":{"start":{"line":38,"column":41},"end":{"line":38,"column":83}},"16":{"start":{"line":40,"column":4},"end":{"line":40,"column":55}},"17":{"start":{"line":41,"column":4},"end":{"line":41,"column":61}},"18":{"start":{"line":43,"column":4},"end":{"line":43,"column":16}}},"fnMap":{"0":{"name":"rewriteEventListener","decl":{"start":{"line":16,"column":24},"end":{"line":16,"column":44}},"loc":{"start":{"line":16,"column":47},"end":{"line":45,"column":1}},"line":16},"1":{"name":"(anonymous_1)","decl":{"start":{"line":19,"column":28},"end":{"line":19,"column":29}},"loc":{"start":{"line":19,"column":57},"end":{"line":23,"column":3}},"line":19},"2":{"name":"(anonymous_2)","decl":{"start":{"line":25,"column":31},"end":{"line":25,"column":32}},"loc":{"start":{"line":25,"column":60},"end":{"line":31,"column":3}},"line":25},"3":{"name":"free","decl":{"start":{"line":36,"column":18},"end":{"line":36,"column":22}},"loc":{"start":{"line":36,"column":25},"end":{"line":44,"column":3}},"line":36},"4":{"name":"(anonymous_4)","decl":{"start":{"line":37,"column":24},"end":{"line":37,"column":25}},"loc":{"start":{"line":38,"column":6},"end":{"line":38,"column":84}},"line":38},"5":{"name":"(anonymous_5)","decl":{"start":{"line":38,"column":29},"end":{"line":38,"column":30}},"loc":{"start":{"line":38,"column":41},"end":{"line":38,"column":83}},"line":38}},"branchMap":{"0":{"loc":{"start":{"line":20,"column":22},"end":{"line":20,"column":49}},"type":"binary-expr","locations":[{"start":{"line":20,"column":22},"end":{"line":20,"column":43}},{"start":{"line":20,"column":47},"end":{"line":20,"column":49}}],"line":20},"1":{"loc":{"start":{"line":27,"column":4},"end":{"line":29,"column":5}},"type":"if","locations":[{"start":{"line":27,"column":4},"end":{"line":29,"column":5}},{"start":{"line":27,"column":4},"end":{"line":29,"column":5}}],"line":27},"2":{"loc":{"start":{"line":27,"column":8},"end":{"line":27,"column":105}},"type":"binary-expr","locations":[{"start":{"line":27,"column":8},"end":{"line":27,"column":27}},{"start":{"line":27,"column":31},"end":{"line":27,"column":57}},{"start":{"line":27,"column":61},"end":{"line":27,"column":105}}],"line":27}},"s":{"0":1,"1":1,"2":0,"3":0,"4":0,"5":0,"6":0,"7":0,"8":0,"9":0,"10":0,"11":0,"12":0,"13":0,"14":0,"15":0,"16":0,"17":0,"18":0},"f":{"0":0,"1":0,"2":0,"3":0,"4":0,"5":0},"b":{"0":[0,0],"1":[0,0],"2":[0,0,0]},"_coverageSchema":"1a1c01bbd47fc00a2c39e90264f33305004495a9","hash":"96a3d83f47ff4afe8722e93e36798bacf1eb6439"}
,"/root/workspace/faun/src/utils/create-element.js": {"path":"/root/workspace/faun/src/utils/create-element.js","statementMap":{"0":{"start":{"line":9,"column":2},"end":{"line":11,"column":3}},"1":{"start":{"line":10,"column":4},"end":{"line":10,"column":16}},"2":{"start":{"line":13,"column":18},"end":{"line":13,"column":49}},"3":{"start":{"line":14,"column":2},"end":{"line":16,"column":5}},"4":{"start":{"line":15,"column":4},"end":{"line":15,"column":35}},"5":{"start":{"line":18,"column":2},"end":{"line":18,"column":17}}},"fnMap":{"0":{"name":"(anonymous_0)","decl":{"start":{"line":8,"column":15},"end":{"line":8,"column":16}},"loc":{"start":{"line":8,"column":45},"end":{"line":19,"column":1}},"line":8},"1":{"name":"(anonymous_1)","decl":{"start":{"line":14,"column":34},"end":{"line":14,"column":35}},"loc":{"start":{"line":14,"column":41},"end":{"line":16,"column":3}},"line":14}},"branchMap":{"0":{"loc":{"start":{"line":9,"column":2},"end":{"line":11,"column":3}},"type":"if","locations":[{"start":{"line":9,"column":2},"end":{"line":11,"column":3}},{"start":{"line":9,"column":2},"end":{"line":11,"column":3}}],"line":9},"1":{"loc":{"start":{"line":9,"column":6},"end":{"line":9,"column":67}},"type":"binary-expr","locations":[{"start":{"line":9,"column":6},"end":{"line":9,"column":33}},{"start":{"line":9,"column":37},"end":{"line":9,"column":67}}],"line":9}},"s":{"0":2,"1":1,"2":1,"3":1,"4":1,"5":1},"f":{"0":2,"1":1},"b":{"0":[1,1],"1":[2,1]},"_coverageSchema":"1a1c01bbd47fc00a2c39e90264f33305004495a9","hash":"21f9c796f7b92ab3ec3d8905d53fe7f280e2a594"}
,"/root/workspace/faun/src/utils/css.js": {"path":"/root/workspace/faun/src/utils/css.js","statementMap":{"0":{"start":{"line":24,"column":19},"end":{"line":26,"column":27}},"1":{"start":{"line":28,"column":15},"end":{"line":28,"column":37}},"2":{"start":{"line":29,"column":2},"end":{"line":29,"column":14}},"3":{"start":{"line":38,"column":2},"end":{"line":40,"column":3}},"4":{"start":{"line":39,"column":4},"end":{"line":39,"column":14}},"5":{"start":{"line":42,"column":2},"end":{"line":44,"column":3}},"6":{"start":{"line":43,"column":4},"end":{"line":43,"column":17}},"7":{"start":{"line":46,"column":27},"end":{"line":46,"column":39}},"8":{"start":{"line":47,"column":26},"end":{"line":47,"column":69}},"9":{"start":{"line":48,"column":24},"end":{"line":53,"column":3}},"10":{"start":{"line":56,"column":4},"end":{"line":62,"column":7}},"11":{"start":{"line":57,"column":6},"end":{"line":59,"column":7}},"12":{"start":{"line":58,"column":8},"end":{"line":58,"column":42}},"13":{"start":{"line":61,"column":6},"end":{"line":61,"column":38}},"14":{"start":{"line":65,"column":2},"end":{"line":81,"column":5}},"15":{"start":{"line":66,"column":4},"end":{"line":68,"column":5}},"16":{"start":{"line":67,"column":6},"end":{"line":67,"column":18}},"17":{"start":{"line":70,"column":4},"end":{"line":72,"column":5}},"18":{"start":{"line":71,"column":6},"end":{"line":71,"column":18}},"19":{"start":{"line":74,"column":4},"end":{"line":80,"column":7}},"20":{"start":{"line":75,"column":6},"end":{"line":77,"column":7}},"21":{"start":{"line":76,"column":8},"end":{"line":76,"column":24}},"22":{"start":{"line":79,"column":6},"end":{"line":79,"column":46}},"23":{"start":{"line":83,"column":17},"end":{"line":83,"column":44}},"24":{"start":{"line":85,"column":2},"end":{"line":85,"column":16}}},"fnMap":{"0":{"name":"stringify","decl":{"start":{"line":23,"column":9},"end":{"line":23,"column":18}},"loc":{"start":{"line":23,"column":39},"end":{"line":30,"column":1}},"line":23},"1":{"name":"(anonymous_1)","decl":{"start":{"line":37,"column":15},"end":{"line":37,"column":16}},"loc":{"start":{"line":37,"column":39},"end":{"line":86,"column":1}},"line":37},"2":{"name":"excludeSelector","decl":{"start":{"line":55,"column":11},"end":{"line":55,"column":26}},"loc":{"start":{"line":55,"column":49},"end":{"line":63,"column":3}},"line":55},"3":{"name":"(anonymous_3)","decl":{"start":{"line":56,"column":27},"end":{"line":56,"column":28}},"loc":{"start":{"line":56,"column":42},"end":{"line":62,"column":5}},"line":56},"4":{"name":"(anonymous_4)","decl":{"start":{"line":65,"column":44},"end":{"line":65,"column":45}},"loc":{"start":{"line":65,"column":52},"end":{"line":81,"column":3}},"line":65},"5":{"name":"(anonymous_5)","decl":{"start":{"line":74,"column":40},"end":{"line":74,"column":41}},"loc":{"start":{"line":74,"column":52},"end":{"line":80,"column":5}},"line":74}},"branchMap":{"0":{"loc":{"start":{"line":23,"column":25},"end":{"line":23,"column":37}},"type":"default-arg","locations":[{"start":{"line":23,"column":35},"end":{"line":23,"column":37}}],"line":23},"1":{"loc":{"start":{"line":24,"column":19},"end":{"line":26,"column":27}},"type":"cond-expr","locations":[{"start":{"line":25,"column":6},"end":{"line":25,"column":29}},{"start":{"line":26,"column":6},"end":{"line":26,"column":27}}],"line":24},"2":{"loc":{"start":{"line":38,"column":2},"end":{"line":40,"column":3}},"type":"if","locations":[{"start":{"line":38,"column":2},"end":{"line":40,"column":3}},{"start":{"line":38,"column":2},"end":{"line":40,"column":3}}],"line":38},"3":{"loc":{"start":{"line":42,"column":2},"end":{"line":44,"column":3}},"type":"if","locations":[{"start":{"line":42,"column":2},"end":{"line":44,"column":3}},{"start":{"line":42,"column":2},"end":{"line":44,"column":3}}],"line":42},"4":{"loc":{"start":{"line":47,"column":26},"end":{"line":47,"column":69}},"type":"cond-expr","locations":[{"start":{"line":47,"column":48},"end":{"line":47,"column":54}},{"start":{"line":47,"column":57},"end":{"line":47,"column":69}}],"line":47},"5":{"loc":{"start":{"line":57,"column":6},"end":{"line":59,"column":7}},"type":"if","locations":[{"start":{"line":57,"column":6},"end":{"line":59,"column":7}},{"start":{"line":57,"column":6},"end":{"line":59,"column":7}}],"line":57},"6":{"loc":{"start":{"line":66,"column":4},"end":{"line":68,"column":5}},"type":"if","locations":[{"start":{"line":66,"column":4},"end":{"line":68,"column":5}},{"start":{"line":66,"column":4},"end":{"line":68,"column":5}}],"line":66},"7":{"loc":{"start":{"line":70,"column":4},"end":{"line":72,"column":5}},"type":"if","locations":[{"start":{"line":70,"column":4},"end":{"line":72,"column":5}},{"start":{"line":70,"column":4},"end":{"line":72,"column":5}}],"line":70},"8":{"loc":{"start":{"line":70,"column":8},"end":{"line":70,"column":63}},"type":"binary-expr","locations":[{"start":{"line":70,"column":8},"end":{"line":70,"column":19}},{"start":{"line":70,"column":23},"end":{"line":70,"column":63}}],"line":70},"9":{"loc":{"start":{"line":75,"column":6},"end":{"line":77,"column":7}},"type":"if","locations":[{"start":{"line":75,"column":6},"end":{"line":77,"column":7}},{"start":{"line":75,"column":6},"end":{"line":77,"column":7}}],"line":75},"10":{"loc":{"start":{"line":75,"column":10},"end":{"line":75,"column":95}},"type":"binary-expr","locations":[{"start":{"line":75,"column":10},"end":{"line":75,"column":58}},{"start":{"line":75,"column":62},"end":{"line":75,"column":95}}],"line":75}},"s":{"0":2,"1":2,"2":2,"3":2,"4":0,"5":2,"6":0,"7":2,"8":2,"9":2,"10":2,"11":4,"12":0,"13":4,"14":2,"15":2,"16":0,"17":2,"18":0,"19":2,"20":2,"21":1,"22":1,"23":2,"24":2},"f":{"0":2,"1":2,"2":2,"3":4,"4":2,"5":2},"b":{"0":[2],"1":[0,2],"2":[0,2],"3":[0,2],"4":[0,2],"5":[0,4],"6":[0,2],"7":[0,2],"8":[2,2],"9":[1,1],"10":[2,1]},"_coverageSchema":"1a1c01bbd47fc00a2c39e90264f33305004495a9","hash":"30e6740e9d1009de5187a704ad1cae70a9bb8e8a"}
,"/root/workspace/faun/src/utils/lodash.js": {"path":"/root/workspace/faun/src/utils/lodash.js","statementMap":{"0":{"start":{"line":16,"column":26},"end":{"line":18,"column":1}},"1":{"start":{"line":17,"column":2},"end":{"line":17,"column":81}},"2":{"start":{"line":26,"column":25},"end":{"line":47,"column":1}},"3":{"start":{"line":27,"column":2},"end":{"line":27,"column":38}},"4":{"start":{"line":27,"column":24},"end":{"line":27,"column":38}},"5":{"start":{"line":28,"column":2},"end":{"line":28,"column":48}},"6":{"start":{"line":28,"column":34},"end":{"line":28,"column":48}},"7":{"start":{"line":29,"column":2},"end":{"line":29,"column":54}},"8":{"start":{"line":29,"column":30},"end":{"line":29,"column":54}},"9":{"start":{"line":30,"column":2},"end":{"line":30,"column":58}},"10":{"start":{"line":30,"column":32},"end":{"line":30,"column":58}},"11":{"start":{"line":32,"column":14},"end":{"line":32,"column":30}},"12":{"start":{"line":33,"column":2},"end":{"line":35,"column":3}},"13":{"start":{"line":34,"column":4},"end":{"line":34,"column":17}},"14":{"start":{"line":37,"column":17},"end":{"line":37,"column":39}},"15":{"start":{"line":39,"column":2},"end":{"line":44,"column":3}},"16":{"start":{"line":40,"column":4},"end":{"line":43,"column":5}},"17":{"start":{"line":41,"column":6},"end":{"line":41,"column":51}},"18":{"start":{"line":42,"column":6},"end":{"line":42,"column":33}},"19":{"start":{"line":46,"column":2},"end":{"line":46,"column":18}}},"fnMap":{"0":{"name":"(anonymous_0)","decl":{"start":{"line":16,"column":26},"end":{"line":16,"column":27}},"loc":{"start":{"line":16,"column":45},"end":{"line":18,"column":1}},"line":16},"1":{"name":"(anonymous_1)","decl":{"start":{"line":26,"column":25},"end":{"line":26,"column":26}},"loc":{"start":{"line":26,"column":59},"end":{"line":47,"column":1}},"line":26}},"branchMap":{"0":{"loc":{"start":{"line":26,"column":34},"end":{"line":26,"column":54}},"type":"default-arg","locations":[{"start":{"line":26,"column":41},"end":{"line":26,"column":54}}],"line":26},"1":{"loc":{"start":{"line":27,"column":2},"end":{"line":27,"column":38}},"type":"if","locations":[{"start":{"line":27,"column":2},"end":{"line":27,"column":38}},{"start":{"line":27,"column":2},"end":{"line":27,"column":38}}],"line":27},"2":{"loc":{"start":{"line":28,"column":2},"end":{"line":28,"column":48}},"type":"if","locations":[{"start":{"line":28,"column":2},"end":{"line":28,"column":48}},{"start":{"line":28,"column":2},"end":{"line":28,"column":48}}],"line":28},"3":{"loc":{"start":{"line":29,"column":2},"end":{"line":29,"column":54}},"type":"if","locations":[{"start":{"line":29,"column":2},"end":{"line":29,"column":54}},{"start":{"line":29,"column":2},"end":{"line":29,"column":54}}],"line":29},"4":{"loc":{"start":{"line":30,"column":2},"end":{"line":30,"column":58}},"type":"if","locations":[{"start":{"line":30,"column":2},"end":{"line":30,"column":58}},{"start":{"line":30,"column":2},"end":{"line":30,"column":58}}],"line":30},"5":{"loc":{"start":{"line":33,"column":2},"end":{"line":35,"column":3}},"type":"if","locations":[{"start":{"line":33,"column":2},"end":{"line":35,"column":3}},{"start":{"line":33,"column":2},"end":{"line":35,"column":3}}],"line":33},"6":{"loc":{"start":{"line":40,"column":4},"end":{"line":43,"column":5}},"type":"if","locations":[{"start":{"line":40,"column":4},"end":{"line":43,"column":5}},{"start":{"line":40,"column":4},"end":{"line":43,"column":5}}],"line":40}},"s":{"0":4,"1":10,"2":4,"3":3,"4":0,"5":3,"6":2,"7":1,"8":0,"9":1,"10":0,"11":1,"12":1,"13":0,"14":1,"15":1,"16":2,"17":2,"18":2,"19":1},"f":{"0":10,"1":3},"b":{"0":[1],"1":[0,3],"2":[2,1],"3":[0,1],"4":[0,1],"5":[0,1],"6":[2,0]},"_coverageSchema":"1a1c01bbd47fc00a2c39e90264f33305004495a9","hash":"c81d53ae8fb0fed4bc846ffcf8291fea210be2fb"}
,"/root/workspace/faun/src/utils/random.js": {"path":"/root/workspace/faun/src/utils/random.js","statementMap":{"0":{"start":{"line":9,"column":29},"end":{"line":21,"column":4}},"1":{"start":{"line":10,"column":16},"end":{"line":10,"column":18}},"2":{"start":{"line":12,"column":2},"end":{"line":20,"column":4}},"3":{"start":{"line":13,"column":25},"end":{"line":13,"column":80}},"4":{"start":{"line":14,"column":4},"end":{"line":19,"column":5}},"5":{"start":{"line":15,"column":6},"end":{"line":15,"column":30}},"6":{"start":{"line":16,"column":6},"end":{"line":16,"column":26}},"7":{"start":{"line":18,"column":6},"end":{"line":18,"column":36}}},"fnMap":{"0":{"name":"(anonymous_0)","decl":{"start":{"line":9,"column":30},"end":{"line":9,"column":31}},"loc":{"start":{"line":9,"column":36},"end":{"line":21,"column":1}},"line":9},"1":{"name":"(anonymous_1)","decl":{"start":{"line":12,"column":9},"end":{"line":12,"column":10}},"loc":{"start":{"line":12,"column":15},"end":{"line":20,"column":3}},"line":12}},"branchMap":{"0":{"loc":{"start":{"line":14,"column":4},"end":{"line":19,"column":5}},"type":"if","locations":[{"start":{"line":14,"column":4},"end":{"line":19,"column":5}},{"start":{"line":14,"column":4},"end":{"line":19,"column":5}}],"line":14},"1":{"loc":{"start":{"line":14,"column":8},"end":{"line":14,"column":62}},"type":"binary-expr","locations":[{"start":{"line":14,"column":8},"end":{"line":14,"column":28}},{"start":{"line":14,"column":32},"end":{"line":14,"column":62}}],"line":14}},"s":{"0":2,"1":2,"2":2,"3":10,"4":10,"5":4,"6":4,"7":6},"f":{"0":2,"1":10},"b":{"0":[4,6],"1":[10,10]},"_coverageSchema":"1a1c01bbd47fc00a2c39e90264f33305004495a9","hash":"a93ccc379e9a724e09104cd5b920390737834479"}
,"/root/workspace/faun/src/utils/traverse-props.js": {"path":"/root/workspace/faun/src/utils/traverse-props.js","statementMap":{"0":{"start":{"line":13,"column":2},"end":{"line":17,"column":3}},"1":{"start":{"line":14,"column":4},"end":{"line":16,"column":5}},"2":{"start":{"line":15,"column":6},"end":{"line":15,"column":29}}},"fnMap":{"0":{"name":"(anonymous_0)","decl":{"start":{"line":11,"column":15},"end":{"line":11,"column":16}},"loc":{"start":{"line":11,"column":59},"end":{"line":18,"column":1}},"line":11}},"branchMap":{"0":{"loc":{"start":{"line":14,"column":4},"end":{"line":16,"column":5}},"type":"if","locations":[{"start":{"line":14,"column":4},"end":{"line":16,"column":5}},{"start":{"line":14,"column":4},"end":{"line":16,"column":5}}],"line":14}},"s":{"0":0,"1":0,"2":0},"f":{"0":0},"b":{"0":[0,0]},"_coverageSchema":"1a1c01bbd47fc00a2c39e90264f33305004495a9","hash":"80b01de9e04466e14e627c5dd1aa1e3e53b17f76"}
}
