TN:
SF:src/event.js
FN:13,Event
FN:21,(anonymous_1)
FN:27,(anonymous_2)
FN:36,(anonymous_3)
FN:50,(anonymous_4)
FN:55,(anonymous_5)
FN:63,(anonymous_6)
FNF:7
FNH:6
FNDA:2,Event
FNDA:3,(anonymous_1)
FNDA:0,(anonymous_2)
FNDA:2,(anonymous_3)
FNDA:1,(anonymous_4)
FNDA:2,(anonymous_5)
FNDA:2,(anonymous_6)
DA:14,2
DA:21,2
DA:22,3
DA:23,3
DA:24,3
DA:27,0
DA:36,2
DA:37,2
DA:38,1
DA:41,2
DA:42,2
DA:50,2
DA:51,1
DA:52,0
DA:55,2
DA:63,2
DA:64,2
DA:65,2
DA:66,2
DA:68,0
LF:20
LH:17
BRDA:23,0,0,3
BRDA:23,0,1,0
BRDA:27,1,0,0
BRDA:27,1,1,0
BRDA:37,2,0,1
BRDA:37,2,1,1
BRDA:41,3,0,2
BRDA:41,3,1,2
BRDA:51,4,0,0
BRDA:51,4,1,1
BRDA:51,5,0,1
BRDA:51,5,1,1
BRDA:65,6,0,2
BRDA:65,6,1,0
BRDA:66,7,0,2
BRDA:66,7,1,2
BRDA:68,8,0,0
BRDA:68,8,1,0
BRF:18
BRH:11
end_of_record
TN:
SF:src/fetch.js
FN:8,(anonymous_0)
FNF:1
FNH:0
FNDA:0,(anonymous_0)
DA:9,0
DA:10,0
LF:2
LH:0
BRF:0
BRH:0
end_of_record
TN:
SF:src/hooks.js
FN:12,(anonymous_0)
FN:19,(anonymous_1)
FNF:2
FNH:2
FNDA:1,(anonymous_0)
FNDA:7,(anonymous_1)
DA:13,1
DA:15,1
DA:17,1
DA:21,7
DA:22,1
DA:26,6
DA:27,1
DA:30,5
DA:32,5
LF:9
LH:9
BRDA:21,0,0,1
BRDA:21,0,1,6
BRDA:26,1,0,1
BRDA:26,1,1,5
BRF:4
BRH:4
end_of_record
TN:
SF:src/sandbox.js
FN:23,Sandbox
FN:37,(anonymous_1)
FN:43,(anonymous_2)
FN:44,(anonymous_3)
FN:46,(anonymous_4)
FN:65,(anonymous_5)
FN:66,(anonymous_6)
FN:67,(anonymous_7)
FN:74,(anonymous_8)
FN:77,(anonymous_9)
FN:81,(anonymous_10)
FN:92,(anonymous_11)
FN:95,(anonymous_12)
FN:111,(anonymous_13)
FN:156,(anonymous_14)
FN:158,(anonymous_15)
FN:198,(anonymous_16)
FN:203,(anonymous_17)
FN:214,(anonymous_18)
FN:218,(anonymous_19)
FNF:20
FNH:1
FNDA:3,Sandbox
FNDA:0,(anonymous_1)
FNDA:0,(anonymous_2)
FNDA:0,(anonymous_3)
FNDA:0,(anonymous_4)
FNDA:0,(anonymous_5)
FNDA:0,(anonymous_6)
FNDA:0,(anonymous_7)
FNDA:0,(anonymous_8)
FNDA:0,(anonymous_9)
FNDA:0,(anonymous_10)
FNDA:0,(anonymous_11)
FNDA:0,(anonymous_12)
FNDA:0,(anonymous_13)
FNDA:0,(anonymous_14)
FNDA:0,(anonymous_15)
FNDA:0,(anonymous_16)
FNDA:0,(anonymous_17)
FNDA:0,(anonymous_18)
FNDA:0,(anonymous_19)
DA:24,3
DA:25,3
DA:26,3
DA:27,3
DA:28,3
DA:29,3
DA:30,3
DA:31,3
DA:32,3
DA:33,3
DA:34,3
DA:35,3
DA:36,3
DA:37,3
DA:38,3
DA:39,3
DA:40,3
DA:42,3
DA:43,3
DA:44,0
DA:45,0
DA:46,0
DA:47,0
DA:48,0
DA:49,0
DA:51,0
DA:52,0
DA:65,1
DA:66,0
DA:67,0
DA:74,1
DA:75,0
DA:77,0
DA:78,0
DA:81,0
DA:82,0
DA:83,0
DA:92,1
DA:93,0
DA:95,0
DA:96,0
DA:99,0
DA:100,0
DA:111,1
DA:112,0
DA:113,0
DA:114,0
DA:117,0
DA:118,0
DA:121,0
DA:122,0
DA:124,0
DA:125,0
DA:126,0
DA:128,0
DA:129,0
DA:132,0
DA:137,0
DA:138,0
DA:139,0
DA:141,0
DA:142,0
DA:143,0
DA:144,0
DA:145,0
DA:146,0
DA:156,1
DA:157,0
DA:158,0
DA:159,0
DA:160,0
DA:162,0
DA:163,0
DA:164,0
DA:166,0
DA:169,0
DA:170,0
DA:171,0
DA:172,0
DA:174,0
DA:177,0
DA:179,0
DA:181,0
DA:188,0
DA:189,0
DA:191,0
DA:192,0
DA:193,0
DA:195,0
DA:197,0
DA:198,0
DA:201,0
DA:203,0
DA:204,0
DA:205,0
DA:214,1
DA:215,0
DA:216,0
DA:217,0
DA:218,0
DA:219,0
DA:220,0
DA:221,0
DA:222,0
DA:223,0
LF:105
LH:25
BRDA:23,0,0,3
BRDA:28,1,0,3
BRDA:28,1,1,0
BRDA:42,2,0,3
BRDA:42,2,1,0
BRDA:47,3,0,0
BRDA:47,3,1,0
BRDA:47,3,2,0
BRDA:48,4,0,0
BRDA:48,4,1,0
BRDA:48,5,0,0
BRDA:48,5,1,0
BRDA:51,6,0,0
BRDA:51,6,1,0
BRDA:51,7,0,0
BRDA:51,7,1,0
BRDA:66,8,0,0
BRDA:66,8,1,0
BRDA:67,9,0,0
BRDA:67,9,1,0
BRDA:82,10,0,0
BRDA:82,10,1,0
BRDA:96,11,0,0
BRDA:96,11,1,0
BRDA:97,12,0,0
BRDA:97,12,1,0
BRDA:112,13,0,0
BRDA:113,14,0,0
BRDA:113,14,1,0
BRDA:113,15,0,0
BRDA:113,15,1,0
BRDA:113,15,2,0
BRDA:117,16,0,0
BRDA:117,16,1,0
BRDA:117,17,0,0
BRDA:117,17,1,0
BRDA:124,18,0,0
BRDA:124,18,1,0
BRDA:124,19,0,0
BRDA:124,19,1,0
BRDA:129,20,0,0
BRDA:129,20,1,0
BRDA:137,21,0,0
BRDA:137,21,1,0
BRDA:137,22,0,0
BRDA:137,22,1,0
BRDA:142,23,0,0
BRDA:142,23,1,0
BRDA:143,24,0,0
BRDA:143,24,1,0
BRDA:159,25,0,0
BRDA:159,25,1,0
BRDA:159,25,2,0
BRDA:160,26,0,0
BRDA:160,26,1,0
BRDA:160,26,2,0
BRDA:163,27,0,0
BRDA:163,27,1,0
BRDA:171,28,0,0
BRDA:171,28,1,0
BRDA:171,29,0,0
BRDA:171,29,1,0
BRDA:181,30,0,0
BRDA:181,30,1,0
BRDA:188,31,0,0
BRDA:188,31,1,0
BRDA:192,32,0,0
BRDA:192,32,1,0
BRDA:197,33,0,0
BRDA:197,33,1,0
BRDA:197,34,0,0
BRDA:197,34,1,0
BRDA:201,35,0,0
BRDA:201,35,1,0
BRDA:203,36,0,0
BRDA:203,36,1,0
BRDA:204,37,0,0
BRDA:204,37,1,0
BRDA:217,38,0,0
BRDA:217,38,1,0
BRDA:218,39,0,0
BRDA:218,39,1,0
BRDA:220,40,0,0
BRDA:220,40,1,0
BRDA:223,41,0,0
BRDA:223,41,1,0
BRDA:223,41,2,0
BRF:87
BRH:3
end_of_record
TN:
SF:src/store.js
FN:14,Store
FN:23,(anonymous_1)
FN:29,(anonymous_2)
FN:52,(anonymous_3)
FNF:4
FNH:4
FNDA:1,Store
FNDA:2,(anonymous_1)
FNDA:2,(anonymous_2)
FNDA:3,(anonymous_3)
DA:15,1
DA:16,1
DA:23,1
DA:24,2
DA:25,0
DA:28,2
DA:29,1
DA:30,2
DA:32,2
DA:33,0
DA:36,2
DA:37,2
DA:39,1
DA:40,1
DA:41,0
DA:43,1
DA:44,1
DA:52,1
DA:53,3
DA:63,1
LF:20
LH:17
BRDA:24,0,0,0
BRDA:24,0,1,2
BRDA:24,1,0,2
BRDA:24,1,1,1
BRDA:28,2,0,1
BRDA:28,2,1,1
BRDA:32,3,0,0
BRDA:32,3,1,2
BRDA:39,4,0,1
BRDA:39,4,1,0
BRDA:40,5,0,0
BRDA:40,5,1,1
BRDA:53,6,0,3
BRDA:53,6,1,0
BRF:14
BRH:9
end_of_record
TN:
SF:src/overwrites/child-operate.js
FN:10,getNodeName
FN:19,getResultElement
FN:36,mapHTMLCollection
FN:38,(anonymous_3)
FN:47,(anonymous_4)
FN:53,overwriteAppendChild
FN:54,(anonymous_6)
FN:59,overwriteInsertBefore
FN:60,(anonymous_8)
FN:65,overwriteAppend
FN:70,(anonymous_10)
FN:76,overwritePrepend
FN:81,(anonymous_12)
FN:92,(anonymous_13)
FN:99,(anonymous_14)
FNF:15
FNH:1
FNDA:0,getNodeName
FNDA:0,getResultElement
FNDA:0,mapHTMLCollection
FNDA:0,(anonymous_3)
FNDA:3,(anonymous_4)
FNDA:0,overwriteAppendChild
FNDA:0,(anonymous_6)
FNDA:0,overwriteInsertBefore
FNDA:0,(anonymous_8)
FNDA:0,overwriteAppend
FNDA:0,(anonymous_10)
FNDA:0,overwritePrepend
FNDA:0,(anonymous_12)
FNDA:0,(anonymous_13)
FNDA:0,(anonymous_14)
DA:11,0
DA:20,0
DA:21,0
DA:22,0
DA:23,0
DA:24,0
DA:26,0
DA:28,0
DA:37,0
DA:38,0
DA:39,0
DA:40,0
DA:42,0
DA:44,0
DA:48,3
DA:49,3
DA:50,3
DA:51,3
DA:54,0
DA:55,0
DA:60,0
DA:61,0
DA:66,0
DA:67,0
DA:70,0
DA:71,0
DA:72,0
DA:77,0
DA:78,0
DA:81,0
DA:82,0
DA:83,0
DA:87,3
DA:93,0
DA:94,0
DA:95,0
DA:96,0
DA:100,0
DA:101,0
DA:102,0
DA:103,0
LF:41
LH:5
BRDA:11,0,0,0
BRDA:11,0,1,0
BRDA:11,0,2,0
BRDA:21,1,0,0
BRDA:21,1,1,0
BRDA:22,2,0,0
BRDA:22,2,1,0
BRDA:22,2,2,0
BRDA:23,3,0,0
BRDA:23,3,1,0
BRDA:39,4,0,0
BRDA:39,4,1,0
BRDA:66,5,0,0
BRDA:66,5,1,0
BRDA:77,6,0,0
BRDA:77,6,1,0
BRF:16
BRH:0
end_of_record
TN:
SF:src/overwrites/window-listeners.js
FN:16,rewriteEventListener
FN:19,(anonymous_1)
FN:25,(anonymous_2)
FN:36,free
FN:37,(anonymous_4)
FN:38,(anonymous_5)
FNF:6
FNH:0
FNDA:0,rewriteEventListener
FNDA:0,(anonymous_1)
FNDA:0,(anonymous_2)
FNDA:0,free
FNDA:0,(anonymous_4)
FNDA:0,(anonymous_5)
DA:9,1
DA:10,1
DA:17,0
DA:19,0
DA:20,0
DA:21,0
DA:22,0
DA:25,0
DA:26,0
DA:27,0
DA:28,0
DA:30,0
DA:36,0
DA:37,0
DA:38,0
DA:40,0
DA:41,0
DA:43,0
LF:18
LH:2
BRDA:20,0,0,0
BRDA:20,0,1,0
BRDA:27,1,0,0
BRDA:27,1,1,0
BRDA:27,2,0,0
BRDA:27,2,1,0
BRDA:27,2,2,0
BRF:7
BRH:0
end_of_record
TN:
SF:src/utils/create-element.js
FN:8,(anonymous_0)
FN:14,(anonymous_1)
FNF:2
FNH:2
FNDA:2,(anonymous_0)
FNDA:1,(anonymous_1)
DA:9,2
DA:10,1
DA:13,1
DA:14,1
DA:15,1
DA:18,1
LF:6
LH:6
BRDA:9,0,0,1
BRDA:9,0,1,1
BRDA:9,1,0,2
BRDA:9,1,1,1
BRF:4
BRH:4
end_of_record
TN:
SF:src/utils/css.js
FN:23,stringify
FN:37,(anonymous_1)
FN:55,excludeSelector
FN:56,(anonymous_3)
FN:65,(anonymous_4)
FN:74,(anonymous_5)
FNF:6
FNH:6
FNDA:2,stringify
FNDA:2,(anonymous_1)
FNDA:2,excludeSelector
FNDA:4,(anonymous_3)
FNDA:2,(anonymous_4)
FNDA:2,(anonymous_5)
DA:24,2
DA:28,2
DA:29,2
DA:38,2
DA:39,0
DA:42,2
DA:43,0
DA:46,2
DA:47,2
DA:48,2
DA:56,2
DA:57,4
DA:58,0
DA:61,4
DA:65,2
DA:66,2
DA:67,0
DA:70,2
DA:71,0
DA:74,2
DA:75,2
DA:76,1
DA:79,1
DA:83,2
DA:85,2
LF:25
LH:20
BRDA:23,0,0,2
BRDA:24,1,0,0
BRDA:24,1,1,2
BRDA:38,2,0,0
BRDA:38,2,1,2
BRDA:42,3,0,0
BRDA:42,3,1,2
BRDA:47,4,0,0
BRDA:47,4,1,2
BRDA:57,5,0,0
BRDA:57,5,1,4
BRDA:66,6,0,0
BRDA:66,6,1,2
BRDA:70,7,0,0
BRDA:70,7,1,2
BRDA:70,8,0,2
BRDA:70,8,1,2
BRDA:75,9,0,1
BRDA:75,9,1,1
BRDA:75,10,0,2
BRDA:75,10,1,1
BRF:21
BRH:14
end_of_record
TN:
SF:src/utils/lodash.js
FN:16,(anonymous_0)
FN:26,(anonymous_1)
FNF:2
FNH:2
FNDA:10,(anonymous_0)
FNDA:3,(anonymous_1)
DA:16,4
DA:17,10
DA:26,4
DA:27,3
DA:28,3
DA:29,1
DA:30,1
DA:32,1
DA:33,1
DA:34,0
DA:37,1
DA:39,1
DA:40,2
DA:41,2
DA:42,2
DA:46,1
LF:16
LH:15
BRDA:26,0,0,1
BRDA:27,1,0,0
BRDA:27,1,1,3
BRDA:28,2,0,2
BRDA:28,2,1,1
BRDA:29,3,0,0
BRDA:29,3,1,1
BRDA:30,4,0,0
BRDA:30,4,1,1
BRDA:33,5,0,0
BRDA:33,5,1,1
BRDA:40,6,0,2
BRDA:40,6,1,0
BRF:13
BRH:8
end_of_record
TN:
SF:src/utils/random.js
FN:9,(anonymous_0)
FN:12,(anonymous_1)
FNF:2
FNH:2
FNDA:2,(anonymous_0)
FNDA:10,(anonymous_1)
DA:9,2
DA:10,2
DA:12,2
DA:13,10
DA:14,10
DA:15,4
DA:16,4
DA:18,6
LF:8
LH:8
BRDA:14,0,0,4
BRDA:14,0,1,6
BRDA:14,1,0,10
BRDA:14,1,1,10
BRF:4
BRH:4
end_of_record
TN:
SF:src/utils/traverse-props.js
FN:11,(anonymous_0)
FNF:1
FNH:0
FNDA:0,(anonymous_0)
DA:13,0
DA:14,0
DA:15,0
LF:3
LH:0
BRDA:14,0,0,0
BRDA:14,0,1,0
BRF:2
BRH:0
end_of_record
